<?xml version="1.0" encoding="UTF-8"?>
<testng-results ignored="0" total="29" passed="23" failed="6" skipped="0">
  <reporter-output>
  </reporter-output>
  <suite started-at="2025-11-22T11:10:41 MSK" name="Command line suite" finished-at="2025-11-22T11:10:41 MSK" duration-ms="22">
    <groups>
    </groups>
    <test started-at="2025-11-22T11:10:41 MSK" name="Command line test" finished-at="2025-11-22T11:10:41 MSK" duration-ms="22">
      <class name="com.example.testprogram.logic.SimpleParserTest">
        <test-method signature="testExpressions(java.lang.String,boolean)[pri:0, instance:com.example.testprogram.logic.SimpleParserTest@24fd5eaf]" started-at="2025-11-22T11:10:41 MSK" name="testExpressions" data-provider="expressionProvider" finished-at="2025-11-22T11:10:41 MSK" duration-ms="1" status="PASS">
          <params>
            <param index="0">
              <value>
                <![CDATA[1]]>
              </value>
            </param>
            <param index="1">
              <value>
                <![CDATA[true]]>
              </value>
            </param>
          </params>
          <reporter-output>
          </reporter-output>
        </test-method> <!-- testExpressions -->
        <test-method signature="testExpressions(java.lang.String,boolean)[pri:0, instance:com.example.testprogram.logic.SimpleParserTest@24fd5eaf]" started-at="2025-11-22T11:10:41 MSK" name="testExpressions" data-provider="expressionProvider" finished-at="2025-11-22T11:10:41 MSK" duration-ms="0" status="PASS">
          <params>
            <param index="0">
              <value>
                <![CDATA[1 //]]>
              </value>
            </param>
            <param index="1">
              <value>
                <![CDATA[true]]>
              </value>
            </param>
          </params>
          <reporter-output>
          </reporter-output>
        </test-method> <!-- testExpressions -->
        <test-method signature="testExpressions(java.lang.String,boolean)[pri:0, instance:com.example.testprogram.logic.SimpleParserTest@24fd5eaf]" started-at="2025-11-22T11:10:41 MSK" name="testExpressions" data-provider="expressionProvider" finished-at="2025-11-22T11:10:41 MSK" duration-ms="0" status="PASS">
          <params>
            <param index="0">
              <value>
                <![CDATA[1+2]]>
              </value>
            </param>
            <param index="1">
              <value>
                <![CDATA[true]]>
              </value>
            </param>
          </params>
          <reporter-output>
          </reporter-output>
        </test-method> <!-- testExpressions -->
        <test-method signature="testExpressions(java.lang.String,boolean)[pri:0, instance:com.example.testprogram.logic.SimpleParserTest@24fd5eaf]" started-at="2025-11-22T11:10:41 MSK" name="testExpressions" data-provider="expressionProvider" finished-at="2025-11-22T11:10:41 MSK" duration-ms="0" status="PASS">
          <params>
            <param index="0">
              <value>
                <![CDATA[1+2+3]]>
              </value>
            </param>
            <param index="1">
              <value>
                <![CDATA[true]]>
              </value>
            </param>
          </params>
          <reporter-output>
          </reporter-output>
        </test-method> <!-- testExpressions -->
        <test-method signature="testExpressions(java.lang.String,boolean)[pri:0, instance:com.example.testprogram.logic.SimpleParserTest@24fd5eaf]" started-at="2025-11-22T11:10:41 MSK" name="testExpressions" data-provider="expressionProvider" finished-at="2025-11-22T11:10:41 MSK" duration-ms="1" status="PASS">
          <params>
            <param index="0">
              <value>
                <![CDATA[// только комментарий]]>
              </value>
            </param>
            <param index="1">
              <value>
                <![CDATA[true]]>
              </value>
            </param>
          </params>
          <reporter-output>
          </reporter-output>
        </test-method> <!-- testExpressions -->
        <test-method signature="testExpressions(java.lang.String,boolean)[pri:0, instance:com.example.testprogram.logic.SimpleParserTest@24fd5eaf]" started-at="2025-11-22T11:10:41 MSK" name="testExpressions" data-provider="expressionProvider" finished-at="2025-11-22T11:10:41 MSK" duration-ms="0" status="FAIL">
          <params>
            <param index="0">
              <value>
                <![CDATA[1+]]>
              </value>
            </param>
            <param index="1">
              <value>
                <![CDATA[true]]>
              </value>
            </param>
          </params>
          <exception class="java.lang.AssertionError">
            <message>
              <![CDATA[Expression '1+' should be valid expected [true] but found [false]]]>
            </message>
            <full-stacktrace>
              <![CDATA[java.lang.AssertionError: Expression '1+' should be valid expected [true] but found [false]
at org.testng.Assert.fail(Assert.java:111)
at org.testng.Assert.failNotEquals(Assert.java:1578)
at org.testng.Assert.assertTrue(Assert.java:57)
at com.example.testprogram.logic.SimpleParserTest.testExpressions(SimpleParserTest.java:34)
at java.base/jdk.internal.reflect.DirectMethodHandleAccessor.invoke(DirectMethodHandleAccessor.java:104)
at java.base/java.lang.reflect.Method.invoke(Method.java:565)
at org.testng.internal.invokers.MethodInvocationHelper.invokeMethod(MethodInvocationHelper.java:139)
at org.testng.internal.invokers.TestInvoker.invokeMethod(TestInvoker.java:664)
at org.testng.internal.invokers.TestInvoker.invokeTestMethod(TestInvoker.java:227)
at org.testng.internal.invokers.MethodRunner.runInSequence(MethodRunner.java:50)
at org.testng.internal.invokers.TestInvoker$MethodInvocationAgent.invoke(TestInvoker.java:957)
at org.testng.internal.invokers.TestInvoker.invokeTestMethods(TestInvoker.java:200)
at org.testng.internal.invokers.TestMethodWorker.invokeTestMethods(TestMethodWorker.java:148)
at org.testng.internal.invokers.TestMethodWorker.run(TestMethodWorker.java:128)
at java.base/java.util.ArrayList.forEach(ArrayList.java:1604)
at org.testng.TestRunner.privateRun(TestRunner.java:848)
at org.testng.TestRunner.run(TestRunner.java:621)
at org.testng.SuiteRunner.runTest(SuiteRunner.java:443)
at org.testng.SuiteRunner.runSequentially(SuiteRunner.java:437)
at org.testng.SuiteRunner.privateRun(SuiteRunner.java:397)
at org.testng.SuiteRunner.run(SuiteRunner.java:336)
at org.testng.SuiteRunnerWorker.runSuite(SuiteRunnerWorker.java:52)
at org.testng.SuiteRunnerWorker.run(SuiteRunnerWorker.java:95)
at org.testng.TestNG.runSuitesSequentially(TestNG.java:1280)
at org.testng.TestNG.runSuitesLocally(TestNG.java:1200)
at org.testng.TestNG.runSuites(TestNG.java:1114)
at org.testng.TestNG.run(TestNG.java:1082)
at com.example.testprogram.service.TestRunnerService.lambda$runTests$0(TestRunnerService.java:43)
at java.base/java.lang.Thread.run(Thread.java:1447)
]]>
            </full-stacktrace>
          </exception> <!-- java.lang.AssertionError -->
          <reporter-output>
          </reporter-output>
        </test-method> <!-- testExpressions -->
        <test-method signature="testExpressions(java.lang.String,boolean)[pri:0, instance:com.example.testprogram.logic.SimpleParserTest@24fd5eaf]" started-at="2025-11-22T11:10:41 MSK" name="testExpressions" data-provider="expressionProvider" finished-at="2025-11-22T11:10:41 MSK" duration-ms="0" status="FAIL">
          <params>
            <param index="0">
              <value>
                <![CDATA[1+2+]]>
              </value>
            </param>
            <param index="1">
              <value>
                <![CDATA[true]]>
              </value>
            </param>
          </params>
          <exception class="java.lang.AssertionError">
            <message>
              <![CDATA[Expression '1+2+' should be valid expected [true] but found [false]]]>
            </message>
            <full-stacktrace>
              <![CDATA[java.lang.AssertionError: Expression '1+2+' should be valid expected [true] but found [false]
at org.testng.Assert.fail(Assert.java:111)
at org.testng.Assert.failNotEquals(Assert.java:1578)
at org.testng.Assert.assertTrue(Assert.java:57)
at com.example.testprogram.logic.SimpleParserTest.testExpressions(SimpleParserTest.java:34)
at java.base/jdk.internal.reflect.DirectMethodHandleAccessor.invoke(DirectMethodHandleAccessor.java:104)
at java.base/java.lang.reflect.Method.invoke(Method.java:565)
at org.testng.internal.invokers.MethodInvocationHelper.invokeMethod(MethodInvocationHelper.java:139)
at org.testng.internal.invokers.TestInvoker.invokeMethod(TestInvoker.java:664)
at org.testng.internal.invokers.TestInvoker.invokeTestMethod(TestInvoker.java:227)
at org.testng.internal.invokers.MethodRunner.runInSequence(MethodRunner.java:50)
at org.testng.internal.invokers.TestInvoker$MethodInvocationAgent.invoke(TestInvoker.java:957)
at org.testng.internal.invokers.TestInvoker.invokeTestMethods(TestInvoker.java:200)
at org.testng.internal.invokers.TestMethodWorker.invokeTestMethods(TestMethodWorker.java:148)
at org.testng.internal.invokers.TestMethodWorker.run(TestMethodWorker.java:128)
at java.base/java.util.ArrayList.forEach(ArrayList.java:1604)
at org.testng.TestRunner.privateRun(TestRunner.java:848)
at org.testng.TestRunner.run(TestRunner.java:621)
at org.testng.SuiteRunner.runTest(SuiteRunner.java:443)
at org.testng.SuiteRunner.runSequentially(SuiteRunner.java:437)
at org.testng.SuiteRunner.privateRun(SuiteRunner.java:397)
at org.testng.SuiteRunner.run(SuiteRunner.java:336)
at org.testng.SuiteRunnerWorker.runSuite(SuiteRunnerWorker.java:52)
at org.testng.SuiteRunnerWorker.run(SuiteRunnerWorker.java:95)
at org.testng.TestNG.runSuitesSequentially(TestNG.java:1280)
at org.testng.TestNG.runSuitesLocally(TestNG.java:1200)
at org.testng.TestNG.runSuites(TestNG.java:1114)
at org.testng.TestNG.run(TestNG.java:1082)
at com.example.testprogram.service.TestRunnerService.lambda$runTests$0(TestRunnerService.java:43)
at java.base/java.lang.Thread.run(Thread.java:1447)
]]>
            </full-stacktrace>
          </exception> <!-- java.lang.AssertionError -->
          <reporter-output>
          </reporter-output>
        </test-method> <!-- testExpressions -->
        <test-method signature="testExpressions(java.lang.String,boolean)[pri:0, instance:com.example.testprogram.logic.SimpleParserTest@24fd5eaf]" started-at="2025-11-22T11:10:41 MSK" name="testExpressions" data-provider="expressionProvider" finished-at="2025-11-22T11:10:41 MSK" duration-ms="0" status="FAIL">
          <params>
            <param index="0">
              <value>
                <![CDATA[+]]>
              </value>
            </param>
            <param index="1">
              <value>
                <![CDATA[true]]>
              </value>
            </param>
          </params>
          <exception class="java.lang.AssertionError">
            <message>
              <![CDATA[Expression '+' should be valid expected [true] but found [false]]]>
            </message>
            <full-stacktrace>
              <![CDATA[java.lang.AssertionError: Expression '+' should be valid expected [true] but found [false]
at org.testng.Assert.fail(Assert.java:111)
at org.testng.Assert.failNotEquals(Assert.java:1578)
at org.testng.Assert.assertTrue(Assert.java:57)
at com.example.testprogram.logic.SimpleParserTest.testExpressions(SimpleParserTest.java:34)
at java.base/jdk.internal.reflect.DirectMethodHandleAccessor.invoke(DirectMethodHandleAccessor.java:104)
at java.base/java.lang.reflect.Method.invoke(Method.java:565)
at org.testng.internal.invokers.MethodInvocationHelper.invokeMethod(MethodInvocationHelper.java:139)
at org.testng.internal.invokers.TestInvoker.invokeMethod(TestInvoker.java:664)
at org.testng.internal.invokers.TestInvoker.invokeTestMethod(TestInvoker.java:227)
at org.testng.internal.invokers.MethodRunner.runInSequence(MethodRunner.java:50)
at org.testng.internal.invokers.TestInvoker$MethodInvocationAgent.invoke(TestInvoker.java:957)
at org.testng.internal.invokers.TestInvoker.invokeTestMethods(TestInvoker.java:200)
at org.testng.internal.invokers.TestMethodWorker.invokeTestMethods(TestMethodWorker.java:148)
at org.testng.internal.invokers.TestMethodWorker.run(TestMethodWorker.java:128)
at java.base/java.util.ArrayList.forEach(ArrayList.java:1604)
at org.testng.TestRunner.privateRun(TestRunner.java:848)
at org.testng.TestRunner.run(TestRunner.java:621)
at org.testng.SuiteRunner.runTest(SuiteRunner.java:443)
at org.testng.SuiteRunner.runSequentially(SuiteRunner.java:437)
at org.testng.SuiteRunner.privateRun(SuiteRunner.java:397)
at org.testng.SuiteRunner.run(SuiteRunner.java:336)
at org.testng.SuiteRunnerWorker.runSuite(SuiteRunnerWorker.java:52)
at org.testng.SuiteRunnerWorker.run(SuiteRunnerWorker.java:95)
at org.testng.TestNG.runSuitesSequentially(TestNG.java:1280)
at org.testng.TestNG.runSuitesLocally(TestNG.java:1200)
at org.testng.TestNG.runSuites(TestNG.java:1114)
at org.testng.TestNG.run(TestNG.java:1082)
at com.example.testprogram.service.TestRunnerService.lambda$runTests$0(TestRunnerService.java:43)
at java.base/java.lang.Thread.run(Thread.java:1447)
]]>
            </full-stacktrace>
          </exception> <!-- java.lang.AssertionError -->
          <reporter-output>
          </reporter-output>
        </test-method> <!-- testExpressions -->
      </class> <!-- com.example.testprogram.logic.SimpleParserTest -->
      <class name="com.example.testprogram.logic.CalculatorTest">
        <test-method signature="testExpressions(java.lang.String,double)[pri:0, instance:com.example.testprogram.logic.CalculatorTest@4780ae4c]" started-at="2025-11-22T11:10:41 MSK" name="testExpressions" data-provider="expressionData" finished-at="2025-11-22T11:10:41 MSK" duration-ms="2" status="PASS">
          <params>
            <param index="0">
              <value>
                <![CDATA[-5 + 3 ]]>
              </value>
            </param>
            <param index="1">
              <value>
                <![CDATA[-2.0]]>
              </value>
            </param>
          </params>
          <reporter-output>
          </reporter-output>
        </test-method> <!-- testExpressions -->
        <test-method signature="testExpressions(java.lang.String,double)[pri:0, instance:com.example.testprogram.logic.CalculatorTest@4780ae4c]" started-at="2025-11-22T11:10:41 MSK" name="testExpressions" data-provider="expressionData" finished-at="2025-11-22T11:10:41 MSK" duration-ms="0" status="PASS">
          <params>
            <param index="0">
              <value>
                <![CDATA[10 - 2]]>
              </value>
            </param>
            <param index="1">
              <value>
                <![CDATA[8.0]]>
              </value>
            </param>
          </params>
          <reporter-output>
          </reporter-output>
        </test-method> <!-- testExpressions -->
        <test-method signature="testExpressions(java.lang.String,double)[pri:0, instance:com.example.testprogram.logic.CalculatorTest@4780ae4c]" started-at="2025-11-22T11:10:41 MSK" name="testExpressions" data-provider="expressionData" finished-at="2025-11-22T11:10:41 MSK" duration-ms="0" status="PASS">
          <params>
            <param index="0">
              <value>
                <![CDATA[4 * 5]]>
              </value>
            </param>
            <param index="1">
              <value>
                <![CDATA[20.0]]>
              </value>
            </param>
          </params>
          <reporter-output>
          </reporter-output>
        </test-method> <!-- testExpressions -->
        <test-method signature="testExpressions(java.lang.String,double)[pri:0, instance:com.example.testprogram.logic.CalculatorTest@4780ae4c]" started-at="2025-11-22T11:10:41 MSK" name="testExpressions" data-provider="expressionData" finished-at="2025-11-22T11:10:41 MSK" duration-ms="0" status="PASS">
          <params>
            <param index="0">
              <value>
                <![CDATA[20 / 4]]>
              </value>
            </param>
            <param index="1">
              <value>
                <![CDATA[5.0]]>
              </value>
            </param>
          </params>
          <reporter-output>
          </reporter-output>
        </test-method> <!-- testExpressions -->
        <test-method signature="testExpressions(java.lang.String,double)[pri:0, instance:com.example.testprogram.logic.CalculatorTest@4780ae4c]" started-at="2025-11-22T11:10:41 MSK" name="testExpressions" data-provider="expressionData" finished-at="2025-11-22T11:10:41 MSK" duration-ms="0" status="PASS">
          <params>
            <param index="0">
              <value>
                <![CDATA[10 / 0]]>
              </value>
            </param>
            <param index="1">
              <value>
                <![CDATA[Infinity]]>
              </value>
            </param>
          </params>
          <reporter-output>
          </reporter-output>
        </test-method> <!-- testExpressions -->
        <test-method signature="testExpressions(java.lang.String,double)[pri:0, instance:com.example.testprogram.logic.CalculatorTest@4780ae4c]" started-at="2025-11-22T11:10:41 MSK" name="testExpressions" data-provider="expressionData" finished-at="2025-11-22T11:10:41 MSK" duration-ms="0" status="PASS">
          <params>
            <param index="0">
              <value>
                <![CDATA[3 * 5 - 7]]>
              </value>
            </param>
            <param index="1">
              <value>
                <![CDATA[8.0]]>
              </value>
            </param>
          </params>
          <reporter-output>
          </reporter-output>
        </test-method> <!-- testExpressions -->
        <test-method signature="testExpressions(java.lang.String,double)[pri:0, instance:com.example.testprogram.logic.CalculatorTest@4780ae4c]" started-at="2025-11-22T11:10:41 MSK" name="testExpressions" data-provider="expressionData" finished-at="2025-11-22T11:10:41 MSK" duration-ms="0" status="PASS">
          <params>
            <param index="0">
              <value>
                <![CDATA[10 + 2 * 3]]>
              </value>
            </param>
            <param index="1">
              <value>
                <![CDATA[16.0]]>
              </value>
            </param>
          </params>
          <reporter-output>
          </reporter-output>
        </test-method> <!-- testExpressions -->
        <test-method signature="testExpressions(java.lang.String,double)[pri:0, instance:com.example.testprogram.logic.CalculatorTest@4780ae4c]" started-at="2025-11-22T11:10:41 MSK" name="testExpressions" data-provider="expressionData" finished-at="2025-11-22T11:10:41 MSK" duration-ms="0" status="PASS">
          <params>
            <param index="0">
              <value>
                <![CDATA[10 - 2 * 3]]>
              </value>
            </param>
            <param index="1">
              <value>
                <![CDATA[4.0]]>
              </value>
            </param>
          </params>
          <reporter-output>
          </reporter-output>
        </test-method> <!-- testExpressions -->
        <test-method signature="testExpressions(java.lang.String,double)[pri:0, instance:com.example.testprogram.logic.CalculatorTest@4780ae4c]" started-at="2025-11-22T11:10:41 MSK" name="testExpressions" data-provider="expressionData" finished-at="2025-11-22T11:10:41 MSK" duration-ms="0" status="FAIL">
          <params>
            <param index="0">
              <value>
                <![CDATA[2 * 5]]>
              </value>
            </param>
            <param index="1">
              <value>
                <![CDATA[15.0]]>
              </value>
            </param>
          </params>
          <exception class="java.lang.AssertionError">
            <message>
              <![CDATA[Ошибка в выражении: 2 * 5 expected [15.0] but found [10.0]]]>
            </message>
            <full-stacktrace>
              <![CDATA[java.lang.AssertionError: Ошибка в выражении: 2 * 5 expected [15.0] but found [10.0]
at org.testng.Assert.fail(Assert.java:111)
at org.testng.Assert.failNotEquals(Assert.java:1578)
at org.testng.Assert.assertEquals(Assert.java:698)
at com.example.testprogram.logic.CalculatorTest.testExpressions(CalculatorTest.java:43)
at java.base/jdk.internal.reflect.DirectMethodHandleAccessor.invoke(DirectMethodHandleAccessor.java:104)
at java.base/java.lang.reflect.Method.invoke(Method.java:565)
at org.testng.internal.invokers.MethodInvocationHelper.invokeMethod(MethodInvocationHelper.java:139)
at org.testng.internal.invokers.TestInvoker.invokeMethod(TestInvoker.java:664)
at org.testng.internal.invokers.TestInvoker.invokeTestMethod(TestInvoker.java:227)
at org.testng.internal.invokers.MethodRunner.runInSequence(MethodRunner.java:50)
at org.testng.internal.invokers.TestInvoker$MethodInvocationAgent.invoke(TestInvoker.java:957)
at org.testng.internal.invokers.TestInvoker.invokeTestMethods(TestInvoker.java:200)
at org.testng.internal.invokers.TestMethodWorker.invokeTestMethods(TestMethodWorker.java:148)
at org.testng.internal.invokers.TestMethodWorker.run(TestMethodWorker.java:128)
at java.base/java.util.ArrayList.forEach(ArrayList.java:1604)
at org.testng.TestRunner.privateRun(TestRunner.java:848)
at org.testng.TestRunner.run(TestRunner.java:621)
at org.testng.SuiteRunner.runTest(SuiteRunner.java:443)
at org.testng.SuiteRunner.runSequentially(SuiteRunner.java:437)
at org.testng.SuiteRunner.privateRun(SuiteRunner.java:397)
at org.testng.SuiteRunner.run(SuiteRunner.java:336)
at org.testng.SuiteRunnerWorker.runSuite(SuiteRunnerWorker.java:52)
at org.testng.SuiteRunnerWorker.run(SuiteRunnerWorker.java:95)
at org.testng.TestNG.runSuitesSequentially(TestNG.java:1280)
at org.testng.TestNG.runSuitesLocally(TestNG.java:1200)
at org.testng.TestNG.runSuites(TestNG.java:1114)
at org.testng.TestNG.run(TestNG.java:1082)
at com.example.testprogram.service.TestRunnerService.lambda$runTests$0(TestRunnerService.java:43)
at java.base/java.lang.Thread.run(Thread.java:1447)
]]>
            </full-stacktrace>
          </exception> <!-- java.lang.AssertionError -->
          <reporter-output>
          </reporter-output>
        </test-method> <!-- testExpressions -->
        <test-method signature="testExpressions(java.lang.String,double)[pri:0, instance:com.example.testprogram.logic.CalculatorTest@4780ae4c]" started-at="2025-11-22T11:10:41 MSK" name="testExpressions" data-provider="expressionData" finished-at="2025-11-22T11:10:41 MSK" duration-ms="0" status="PASS">
          <params>
            <param index="0">
              <value>
                <![CDATA[(5 + 3)]]>
              </value>
            </param>
            <param index="1">
              <value>
                <![CDATA[8.0]]>
              </value>
            </param>
          </params>
          <reporter-output>
          </reporter-output>
        </test-method> <!-- testExpressions -->
        <test-method signature="testExpressions(java.lang.String,double)[pri:0, instance:com.example.testprogram.logic.CalculatorTest@4780ae4c]" started-at="2025-11-22T11:10:41 MSK" name="testExpressions" data-provider="expressionData" finished-at="2025-11-22T11:10:41 MSK" duration-ms="0" status="PASS">
          <params>
            <param index="0">
              <value>
                <![CDATA[8 / 2 + 3]]>
              </value>
            </param>
            <param index="1">
              <value>
                <![CDATA[7.0]]>
              </value>
            </param>
          </params>
          <reporter-output>
          </reporter-output>
        </test-method> <!-- testExpressions -->
        <test-method signature="testExpressions(java.lang.String,double)[pri:0, instance:com.example.testprogram.logic.CalculatorTest@4780ae4c]" started-at="2025-11-22T11:10:41 MSK" name="testExpressions" data-provider="expressionData" finished-at="2025-11-22T11:10:41 MSK" duration-ms="0" status="PASS">
          <params>
            <param index="0">
              <value>
                <![CDATA[(2 + 3) * (4 - 1)]]>
              </value>
            </param>
            <param index="1">
              <value>
                <![CDATA[15.0]]>
              </value>
            </param>
          </params>
          <reporter-output>
          </reporter-output>
        </test-method> <!-- testExpressions -->
        <test-method signature="testExpressions(java.lang.String,double)[pri:0, instance:com.example.testprogram.logic.CalculatorTest@4780ae4c]" started-at="2025-11-22T11:10:41 MSK" name="testExpressions" data-provider="expressionData" finished-at="2025-11-22T11:10:41 MSK" duration-ms="0" status="PASS">
          <params>
            <param index="0">
              <value>
                <![CDATA[((2 + 3) * 4) / 2]]>
              </value>
            </param>
            <param index="1">
              <value>
                <![CDATA[10.0]]>
              </value>
            </param>
          </params>
          <reporter-output>
          </reporter-output>
        </test-method> <!-- testExpressions -->
        <test-method signature="testExpressions(java.lang.String,double)[pri:0, instance:com.example.testprogram.logic.CalculatorTest@4780ae4c]" started-at="2025-11-22T11:10:41 MSK" name="testExpressions" data-provider="expressionData" finished-at="2025-11-22T11:10:41 MSK" duration-ms="0" status="PASS">
          <params>
            <param index="0">
              <value>
                <![CDATA[(10 - 2) * 3]]>
              </value>
            </param>
            <param index="1">
              <value>
                <![CDATA[24.0]]>
              </value>
            </param>
          </params>
          <reporter-output>
          </reporter-output>
        </test-method> <!-- testExpressions -->
        <test-method signature="testExpressions(java.lang.String,double)[pri:0, instance:com.example.testprogram.logic.CalculatorTest@4780ae4c]" started-at="2025-11-22T11:10:41 MSK" name="testExpressions" data-provider="expressionData" finished-at="2025-11-22T11:10:41 MSK" duration-ms="0" status="PASS">
          <params>
            <param index="0">
              <value>
                <![CDATA[2 * (3 + 4)]]>
              </value>
            </param>
            <param index="1">
              <value>
                <![CDATA[14.0]]>
              </value>
            </param>
          </params>
          <reporter-output>
          </reporter-output>
        </test-method> <!-- testExpressions -->
        <test-method signature="testExpressions(java.lang.String,double)[pri:0, instance:com.example.testprogram.logic.CalculatorTest@4780ae4c]" started-at="2025-11-22T11:10:41 MSK" name="testExpressions" data-provider="expressionData" finished-at="2025-11-22T11:10:41 MSK" duration-ms="0" status="PASS">
          <params>
            <param index="0">
              <value>
                <![CDATA[x=5;y=3;x+y*2]]>
              </value>
            </param>
            <param index="1">
              <value>
                <![CDATA[11.0]]>
              </value>
            </param>
          </params>
          <reporter-output>
          </reporter-output>
        </test-method> <!-- testExpressions -->
        <test-method signature="testExpressions(java.lang.String,double)[pri:0, instance:com.example.testprogram.logic.CalculatorTest@4780ae4c]" started-at="2025-11-22T11:10:41 MSK" name="testExpressions" data-provider="expressionData" finished-at="2025-11-22T11:10:41 MSK" duration-ms="0" status="PASS">
          <params>
            <param index="0">
              <value>
                <![CDATA[x=5;y=10;z=x+y]]>
              </value>
            </param>
            <param index="1">
              <value>
                <![CDATA[15.0]]>
              </value>
            </param>
          </params>
          <reporter-output>
          </reporter-output>
        </test-method> <!-- testExpressions -->
        <test-method signature="testExpressions(java.lang.String,double)[pri:0, instance:com.example.testprogram.logic.CalculatorTest@4780ae4c]" started-at="2025-11-22T11:10:41 MSK" name="testExpressions" data-provider="expressionData" finished-at="2025-11-22T11:10:41 MSK" duration-ms="0" status="PASS">
          <params>
            <param index="0">
              <value>
                <![CDATA[x=10;y=x*2;z=x+y]]>
              </value>
            </param>
            <param index="1">
              <value>
                <![CDATA[30.0]]>
              </value>
            </param>
          </params>
          <reporter-output>
          </reporter-output>
        </test-method> <!-- testExpressions -->
        <test-method signature="testExpressions(java.lang.String,double)[pri:0, instance:com.example.testprogram.logic.CalculatorTest@4780ae4c]" started-at="2025-11-22T11:10:41 MSK" name="testExpressions" data-provider="expressionData" finished-at="2025-11-22T11:10:41 MSK" duration-ms="0" status="PASS">
          <params>
            <param index="0">
              <value>
                <![CDATA[a=2;b=3;c=a*b;d=c+5]]>
              </value>
            </param>
            <param index="1">
              <value>
                <![CDATA[11.0]]>
              </value>
            </param>
          </params>
          <reporter-output>
          </reporter-output>
        </test-method> <!-- testExpressions -->
        <test-method signature="testExpressions(java.lang.String,double)[pri:0, instance:com.example.testprogram.logic.CalculatorTest@4780ae4c]" started-at="2025-11-22T11:10:41 MSK" name="testExpressions" data-provider="expressionData" finished-at="2025-11-22T11:10:41 MSK" duration-ms="0" status="FAIL">
          <params>
            <param index="0">
              <value>
                <![CDATA[3 + 4 * 2 / (1 - 5)]]>
              </value>
            </param>
            <param index="1">
              <value>
                <![CDATA[2.0]]>
              </value>
            </param>
          </params>
          <exception class="java.lang.AssertionError">
            <message>
              <![CDATA[Ошибка в выражении: 3 + 4 * 2 / (1 - 5) expected [2.0] but found [1.0]]]>
            </message>
            <full-stacktrace>
              <![CDATA[java.lang.AssertionError: Ошибка в выражении: 3 + 4 * 2 / (1 - 5) expected [2.0] but found [1.0]
at org.testng.Assert.fail(Assert.java:111)
at org.testng.Assert.failNotEquals(Assert.java:1578)
at org.testng.Assert.assertEquals(Assert.java:698)
at com.example.testprogram.logic.CalculatorTest.testExpressions(CalculatorTest.java:43)
at java.base/jdk.internal.reflect.DirectMethodHandleAccessor.invoke(DirectMethodHandleAccessor.java:104)
at java.base/java.lang.reflect.Method.invoke(Method.java:565)
at org.testng.internal.invokers.MethodInvocationHelper.invokeMethod(MethodInvocationHelper.java:139)
at org.testng.internal.invokers.TestInvoker.invokeMethod(TestInvoker.java:664)
at org.testng.internal.invokers.TestInvoker.invokeTestMethod(TestInvoker.java:227)
at org.testng.internal.invokers.MethodRunner.runInSequence(MethodRunner.java:50)
at org.testng.internal.invokers.TestInvoker$MethodInvocationAgent.invoke(TestInvoker.java:957)
at org.testng.internal.invokers.TestInvoker.invokeTestMethods(TestInvoker.java:200)
at org.testng.internal.invokers.TestMethodWorker.invokeTestMethods(TestMethodWorker.java:148)
at org.testng.internal.invokers.TestMethodWorker.run(TestMethodWorker.java:128)
at java.base/java.util.ArrayList.forEach(ArrayList.java:1604)
at org.testng.TestRunner.privateRun(TestRunner.java:848)
at org.testng.TestRunner.run(TestRunner.java:621)
at org.testng.SuiteRunner.runTest(SuiteRunner.java:443)
at org.testng.SuiteRunner.runSequentially(SuiteRunner.java:437)
at org.testng.SuiteRunner.privateRun(SuiteRunner.java:397)
at org.testng.SuiteRunner.run(SuiteRunner.java:336)
at org.testng.SuiteRunnerWorker.runSuite(SuiteRunnerWorker.java:52)
at org.testng.SuiteRunnerWorker.run(SuiteRunnerWorker.java:95)
at org.testng.TestNG.runSuitesSequentially(TestNG.java:1280)
at org.testng.TestNG.runSuitesLocally(TestNG.java:1200)
at org.testng.TestNG.runSuites(TestNG.java:1114)
at org.testng.TestNG.run(TestNG.java:1082)
at com.example.testprogram.service.TestRunnerService.lambda$runTests$0(TestRunnerService.java:43)
at java.base/java.lang.Thread.run(Thread.java:1447)
]]>
            </full-stacktrace>
          </exception> <!-- java.lang.AssertionError -->
          <reporter-output>
          </reporter-output>
        </test-method> <!-- testExpressions -->
        <test-method signature="testExpressions(java.lang.String,double)[pri:0, instance:com.example.testprogram.logic.CalculatorTest@4780ae4c]" started-at="2025-11-22T11:10:41 MSK" name="testExpressions" data-provider="expressionData" finished-at="2025-11-22T11:10:41 MSK" duration-ms="0" status="FAIL">
          <params>
            <param index="0">
              <value>
                <![CDATA[a=4;b=2;(a+b)*3]]>
              </value>
            </param>
            <param index="1">
              <value>
                <![CDATA[20.0]]>
              </value>
            </param>
          </params>
          <exception class="java.lang.AssertionError">
            <message>
              <![CDATA[Ошибка в выражении: a=4;b=2;(a+b)*3 expected [20.0] but found [18.0]]]>
            </message>
            <full-stacktrace>
              <![CDATA[java.lang.AssertionError: Ошибка в выражении: a=4;b=2;(a+b)*3 expected [20.0] but found [18.0]
at org.testng.Assert.fail(Assert.java:111)
at org.testng.Assert.failNotEquals(Assert.java:1578)
at org.testng.Assert.assertEquals(Assert.java:698)
at com.example.testprogram.logic.CalculatorTest.testExpressions(CalculatorTest.java:43)
at java.base/jdk.internal.reflect.DirectMethodHandleAccessor.invoke(DirectMethodHandleAccessor.java:104)
at java.base/java.lang.reflect.Method.invoke(Method.java:565)
at org.testng.internal.invokers.MethodInvocationHelper.invokeMethod(MethodInvocationHelper.java:139)
at org.testng.internal.invokers.TestInvoker.invokeMethod(TestInvoker.java:664)
at org.testng.internal.invokers.TestInvoker.invokeTestMethod(TestInvoker.java:227)
at org.testng.internal.invokers.MethodRunner.runInSequence(MethodRunner.java:50)
at org.testng.internal.invokers.TestInvoker$MethodInvocationAgent.invoke(TestInvoker.java:957)
at org.testng.internal.invokers.TestInvoker.invokeTestMethods(TestInvoker.java:200)
at org.testng.internal.invokers.TestMethodWorker.invokeTestMethods(TestMethodWorker.java:148)
at org.testng.internal.invokers.TestMethodWorker.run(TestMethodWorker.java:128)
at java.base/java.util.ArrayList.forEach(ArrayList.java:1604)
at org.testng.TestRunner.privateRun(TestRunner.java:848)
at org.testng.TestRunner.run(TestRunner.java:621)
at org.testng.SuiteRunner.runTest(SuiteRunner.java:443)
at org.testng.SuiteRunner.runSequentially(SuiteRunner.java:437)
at org.testng.SuiteRunner.privateRun(SuiteRunner.java:397)
at org.testng.SuiteRunner.run(SuiteRunner.java:336)
at org.testng.SuiteRunnerWorker.runSuite(SuiteRunnerWorker.java:52)
at org.testng.SuiteRunnerWorker.run(SuiteRunnerWorker.java:95)
at org.testng.TestNG.runSuitesSequentially(TestNG.java:1280)
at org.testng.TestNG.runSuitesLocally(TestNG.java:1200)
at org.testng.TestNG.runSuites(TestNG.java:1114)
at org.testng.TestNG.run(TestNG.java:1082)
at com.example.testprogram.service.TestRunnerService.lambda$runTests$0(TestRunnerService.java:43)
at java.base/java.lang.Thread.run(Thread.java:1447)
]]>
            </full-stacktrace>
          </exception> <!-- java.lang.AssertionError -->
          <reporter-output>
          </reporter-output>
        </test-method> <!-- testExpressions -->
      </class> <!-- com.example.testprogram.logic.CalculatorTest -->
    </test> <!-- Command line test -->
  </suite> <!-- Command line suite -->
</testng-results>
