<?xml version="1.0" encoding="UTF-8"?>
<!-- Generated by org.testng.reporters.JUnitXMLReporter -->
<testsuite ignored="0" hostname="MacBook-Air-Biruk.local" failures="6" tests="29" name="Command line test" time="0.022" errors="0" timestamp="2025-11-22T11:10:41 MSK">
  <testcase classname="com.example.testprogram.logic.CalculatorTest" name="testExpressions" time="0.002"/>
  <testcase classname="com.example.testprogram.logic.CalculatorTest" name="testExpressions" time="0.0"/>
  <testcase classname="com.example.testprogram.logic.CalculatorTest" name="testExpressions" time="0.0"/>
  <testcase classname="com.example.testprogram.logic.CalculatorTest" name="testExpressions" time="0.0"/>
  <testcase classname="com.example.testprogram.logic.CalculatorTest" name="testExpressions" time="0.0"/>
  <testcase classname="com.example.testprogram.logic.CalculatorTest" name="testExpressions" time="0.0">
    <failure type="java.lang.AssertionError" message="Ошибка в выражении: 2 * 5 expected [15.0] but found [10.0]">
      <![CDATA[java.lang.AssertionError: Ошибка в выражении: 2 * 5 expected [15.0] but found [10.0]
at com.example.testprogram.logic.CalculatorTest.testExpressions(CalculatorTest.java:43)
at java.base/java.util.ArrayList.forEach(ArrayList.java:1604)
at com.example.testprogram.service.TestRunnerService.lambda$runTests$0(TestRunnerService.java:43)
at java.base/java.lang.Thread.run(Thread.java:1447)
... Removed 25 stack frames]]>
    </failure>
  </testcase> <!-- testExpressions -->
  <testcase classname="com.example.testprogram.logic.CalculatorTest" name="testExpressions" time="0.0"/>
  <testcase classname="com.example.testprogram.logic.CalculatorTest" name="testExpressions" time="0.0"/>
  <testcase classname="com.example.testprogram.logic.CalculatorTest" name="testExpressions" time="0.0"/>
  <testcase classname="com.example.testprogram.logic.CalculatorTest" name="testExpressions" time="0.0"/>
  <testcase classname="com.example.testprogram.logic.CalculatorTest" name="testExpressions" time="0.0"/>
  <testcase classname="com.example.testprogram.logic.CalculatorTest" name="testExpressions" time="0.0"/>
  <testcase classname="com.example.testprogram.logic.CalculatorTest" name="testExpressions" time="0.0"/>
  <testcase classname="com.example.testprogram.logic.CalculatorTest" name="testExpressions" time="0.0"/>
  <testcase classname="com.example.testprogram.logic.CalculatorTest" name="testExpressions" time="0.0"/>
  <testcase classname="com.example.testprogram.logic.CalculatorTest" name="testExpressions" time="0.0">
    <failure type="java.lang.AssertionError" message="Ошибка в выражении: 3 + 4 * 2 / (1 - 5) expected [2.0] but found [1.0]">
      <![CDATA[java.lang.AssertionError: Ошибка в выражении: 3 + 4 * 2 / (1 - 5) expected [2.0] but found [1.0]
at com.example.testprogram.logic.CalculatorTest.testExpressions(CalculatorTest.java:43)
at java.base/java.util.ArrayList.forEach(ArrayList.java:1604)
at com.example.testprogram.service.TestRunnerService.lambda$runTests$0(TestRunnerService.java:43)
at java.base/java.lang.Thread.run(Thread.java:1447)
... Removed 25 stack frames]]>
    </failure>
  </testcase> <!-- testExpressions -->
  <testcase classname="com.example.testprogram.logic.CalculatorTest" name="testExpressions" time="0.0"/>
  <testcase classname="com.example.testprogram.logic.CalculatorTest" name="testExpressions" time="0.0"/>
  <testcase classname="com.example.testprogram.logic.CalculatorTest" name="testExpressions" time="0.0"/>
  <testcase classname="com.example.testprogram.logic.CalculatorTest" name="testExpressions" time="0.0"/>
  <testcase classname="com.example.testprogram.logic.CalculatorTest" name="testExpressions" time="0.0">
    <failure type="java.lang.AssertionError" message="Ошибка в выражении: a=4;b=2;(a+b)*3 expected [20.0] but found [18.0]">
      <![CDATA[java.lang.AssertionError: Ошибка в выражении: a=4;b=2;(a+b)*3 expected [20.0] but found [18.0]
at com.example.testprogram.logic.CalculatorTest.testExpressions(CalculatorTest.java:43)
at java.base/java.util.ArrayList.forEach(ArrayList.java:1604)
at com.example.testprogram.service.TestRunnerService.lambda$runTests$0(TestRunnerService.java:43)
at java.base/java.lang.Thread.run(Thread.java:1447)
... Removed 25 stack frames]]>
    </failure>
  </testcase> <!-- testExpressions -->
  <testcase classname="com.example.testprogram.logic.SimpleParserTest" name="testExpressions" time="0.001"/>
  <testcase classname="com.example.testprogram.logic.SimpleParserTest" name="testExpressions" time="0.0"/>
  <testcase classname="com.example.testprogram.logic.SimpleParserTest" name="testExpressions" time="0.0"/>
  <testcase classname="com.example.testprogram.logic.SimpleParserTest" name="testExpressions" time="0.0"/>
  <testcase classname="com.example.testprogram.logic.SimpleParserTest" name="testExpressions" time="0.001"/>
  <testcase classname="com.example.testprogram.logic.SimpleParserTest" name="testExpressions" time="0.0">
    <failure type="java.lang.AssertionError" message="Expression &amp;apos;+&amp;apos; should be valid expected [true] but found [false]">
      <![CDATA[java.lang.AssertionError: Expression '+' should be valid expected [true] but found [false]
at com.example.testprogram.logic.SimpleParserTest.testExpressions(SimpleParserTest.java:34)
at java.base/java.util.ArrayList.forEach(ArrayList.java:1604)
at com.example.testprogram.service.TestRunnerService.lambda$runTests$0(TestRunnerService.java:43)
at java.base/java.lang.Thread.run(Thread.java:1447)
... Removed 25 stack frames]]>
    </failure>
  </testcase> <!-- testExpressions -->
  <testcase classname="com.example.testprogram.logic.SimpleParserTest" name="testExpressions" time="0.0">
    <failure type="java.lang.AssertionError" message="Expression &amp;apos;1+&amp;apos; should be valid expected [true] but found [false]">
      <![CDATA[java.lang.AssertionError: Expression '1+' should be valid expected [true] but found [false]
at com.example.testprogram.logic.SimpleParserTest.testExpressions(SimpleParserTest.java:34)
at java.base/java.util.ArrayList.forEach(ArrayList.java:1604)
at com.example.testprogram.service.TestRunnerService.lambda$runTests$0(TestRunnerService.java:43)
at java.base/java.lang.Thread.run(Thread.java:1447)
... Removed 25 stack frames]]>
    </failure>
  </testcase> <!-- testExpressions -->
  <testcase classname="com.example.testprogram.logic.SimpleParserTest" name="testExpressions" time="0.0">
    <failure type="java.lang.AssertionError" message="Expression &amp;apos;1+2+&amp;apos; should be valid expected [true] but found [false]">
      <![CDATA[java.lang.AssertionError: Expression '1+2+' should be valid expected [true] but found [false]
at com.example.testprogram.logic.SimpleParserTest.testExpressions(SimpleParserTest.java:34)
at java.base/java.util.ArrayList.forEach(ArrayList.java:1604)
at com.example.testprogram.service.TestRunnerService.lambda$runTests$0(TestRunnerService.java:43)
at java.base/java.lang.Thread.run(Thread.java:1447)
... Removed 25 stack frames]]>
    </failure>
  </testcase> <!-- testExpressions -->
</testsuite> <!-- Command line test -->
